Change: 200
Coin Set: ['1', '2', '5', '10', '25', '50', '100']
Combinations: 61984
Recursive Calls: 2449615
2.75user 0.00system 0:02.76elapsed 99%CPU (0avgtext+0avgdata 6300maxresident)k
0inputs+8outputs (0major+807minor)pagefaults 0swaps

Change: 400
Coin Set: ['1', '2', '5', '10', '25', '50', '100']
Combinations: 1554875
Recursive Calls: 108034754
106.62user 0.00system 1:46.57elapsed 100%CPU (0avgtext+0avgdata 6408maxresident)k
0inputs+8outputs (0major+855minor)pagefaults 0swaps

Change: 600
Coin Set: ['1', '2', '5', '10', '25', '50', '100']
Combinations: 12256874
Recursive Calls: 1208776065
1130.55user 0.08system 18:50.14elapsed 100%CPU (0avgtext+0avgdata 6664maxresident)k
3360inputs+8outputs (23major+920minor)pagefaults 0swaps

Change: 800
Coin Set: ['1', '2', '5', '10', '25', '50', '100']
Combinations: 56505861
Recursive Calls: 7204617716
6872.28user 2.51system 1:54:31elapsed 100%CPU (0avgtext+0avgdata 6820maxresident)k
16inputs+16outputs (0major+967minor)pagefaults 0swaps
